[{"Planning Time": 4.302, "Plan": {"Actual Total Time": 16.627, "Strategy": "Plain", "Plan Rows": 1, "Total Cost": 479.21, "Node Type": "Aggregate", "Actual Loops": 1, "Startup Cost": 479.2, "Plan Width": 118, "Actual Startup Time": 16.627, "Plans": [{"Plans": [{"Plans": [{"Plans": [{"Plans": [{"Plans": [{"Plans": [{"Plans": [{"Plan Rows": 1, "Node Type": "Seq Scan", "Actual Startup Time": 0.007, "Rows Removed by Filter": 16, "Actual Total Time": 0.012, "Alias": "lt", "Total Cost": 18.88, "Plan Width": 86, "Relation Name": "link_type", "Startup Cost": 0.0, "Actual Loops": 1, "Parent Relationship": "Outer", "Filter": "((link)::text ~~ '%spoof%'::text)", "Actual Rows": 2}, {"Lossy Heap Blocks": 0, "Plans": [{"Plan Rows": 1932, "Index Cond": "(link_type_id = lt.id)", "Node Type": "Bitmap Index Scan", "Actual Startup Time": 0.081, "Actual Total Time": 0.081, "Total Cost": 42.78, "Plan Width": 0, "Startup Cost": 0.0, "Index Name": "link_type_id_movie_link", "Actual Loops": 2, "Parent Relationship": "Outer", "Actual Rows": 703}], "Plan Rows": 1932, "Node Type": "Bitmap Heap Scan", "Exact Heap Blocks": 173, "Actual Startup Time": 0.093, "Rows Removed by Index Recheck": 0, "Recheck Cond": "(link_type_id = lt.id)", "Actual Total Time": 0.371, "Alias": "ml", "Total Cost": 235.41, "Plan Width": 8, "Relation Name": "movie_link", "Startup Cost": 43.26, "Actual Loops": 2, "Parent Relationship": "Inner", "Actual Rows": 703}], "Plan Rows": 44, "Node Type": "Nested Loop", "Actual Startup Time": 0.095, "Actual Total Time": 0.969, "Join Type": "Inner", "Total Cost": 273.61, "Plan Width": 86, "Startup Cost": 43.26, "Actual Loops": 1, "Parent Relationship": "Outer", "Actual Rows": 1406}, {"Plan Rows": 3, "Index Cond": "(movie_id = ml.movie_id)", "Node Type": "Index Scan", "Actual Startup Time": 0.003, "Actual Rows": 2, "Rows Removed by Filter": 6, "Rows Removed by Index Recheck": 0, "Actual Total Time": 0.004, "Alias": "mc", "Total Cost": 4.11, "Plan Width": 12, "Relation Name": "movie_companies", "Startup Cost": 0.43, "Index Name": "movie_id_movie_companies", "Actual Loops": 1406, "Parent Relationship": "Inner", "Filter": "(note IS NULL)", "Scan Direction": "Forward"}], "Plan Rows": 112, "Node Type": "Nested Loop", "Actual Startup Time": 0.103, "Actual Total Time": 7.62, "Join Type": "Inner", "Total Cost": 455.67, "Plan Width": 98, "Startup Cost": 43.69, "Actual Loops": 1, "Parent Relationship": "Outer", "Actual Rows": 2476}, {"Plan Rows": 1, "Index Cond": "(id = mc.company_type_id)", "Node Type": "Index Scan", "Actual Startup Time": 0.001, "Actual Rows": 1, "Rows Removed by Filter": 0, "Rows Removed by Index Recheck": 0, "Actual Total Time": 0.001, "Alias": "ct", "Total Cost": 0.17, "Plan Width": 4, "Relation Name": "company_type", "Startup Cost": 0.15, "Index Name": "company_type_pkey", "Actual Loops": 2476, "Parent Relationship": "Inner", "Filter": "((kind)::text = 'production companies'::text)", "Scan Direction": "Forward"}], "Plan Rows": 1, "Node Type": "Nested Loop", "Actual Startup Time": 0.11, "Actual Total Time": 10.84, "Join Type": "Inner", "Total Cost": 475.84, "Plan Width": 94, "Startup Cost": 43.84, "Actual Loops": 1, "Parent Relationship": "Outer", "Actual Rows": 2012}, {"Plan Rows": 1, "Index Cond": "(id = mc.company_id)", "Node Type": "Index Scan", "Actual Startup Time": 0.002, "Actual Rows": 0, "Rows Removed by Filter": 1, "Rows Removed by Index Recheck": 0, "Actual Total Time": 0.002, "Alias": "cn", "Total Cost": 0.46, "Plan Width": 23, "Relation Name": "company_name", "Startup Cost": 0.42, "Index Name": "company_name_pkey", "Actual Loops": 2012, "Parent Relationship": "Inner", "Filter": "(((country_code)::text <> '[ki]'::text) AND (((name)::text ~~ '%Stranger%'::text) OR ((name)::text ~~ '%Little%'::text)))", "Scan Direction": "Forward"}], "Plan Rows": 1, "Node Type": "Nested Loop", "Actual Startup Time": 0.232, "Actual Total Time": 16.115, "Join Type": "Inner", "Total Cost": 476.3, "Plan Width": 109, "Startup Cost": 44.26, "Actual Loops": 1, "Parent Relationship": "Outer", "Actual Rows": 29}, {"Plan Rows": 45, "Index Cond": "(movie_id = mc.movie_id)", "Node Type": "Index Scan", "Actual Startup Time": 0.002, "Actual Rows": 5, "Rows Removed by Index Recheck": 0, "Actual Total Time": 0.003, "Alias": "mk", "Total Cost": 1.37, "Plan Width": 8, "Relation Name": "movie_keyword", "Startup Cost": 0.43, "Index Name": "movie_id_movie_keyword", "Actual Loops": 29, "Parent Relationship": "Inner", "Scan Direction": "Forward"}], "Plan Rows": 1, "Join Filter": "(ml.movie_id = mk.movie_id)", "Node Type": "Nested Loop", "Actual Startup Time": 0.241, "Actual Total Time": 16.255, "Join Type": "Inner", "Total Cost": 478.23, "Plan Width": 117, "Startup Cost": 44.69, "Actual Loops": 1, "Parent Relationship": "Outer", "Rows Removed by Join Filter": 0, "Actual Rows": 151}, {"Plan Rows": 1, "Index Cond": "(id = mk.keyword_id)", "Node Type": "Index Scan", "Actual Startup Time": 0.002, "Actual Rows": 0, "Rows Removed by Filter": 1, "Rows Removed by Index Recheck": 0, "Actual Total Time": 0.002, "Alias": "k", "Total Cost": 0.44, "Plan Width": 4, "Relation Name": "keyword", "Startup Cost": 0.42, "Index Name": "keyword_pkey", "Actual Loops": 151, "Parent Relationship": "Inner", "Filter": "((keyword)::text = 'feminist'::text)", "Scan Direction": "Forward"}], "Plan Rows": 1, "Node Type": "Nested Loop", "Actual Startup Time": 5.438, "Actual Total Time": 16.599, "Join Type": "Inner", "Total Cost": 478.68, "Plan Width": 113, "Startup Cost": 45.11, "Actual Loops": 1, "Parent Relationship": "Outer", "Actual Rows": 1}, {"Plan Rows": 1, "Index Cond": "(id = mk.movie_id)", "Node Type": "Index Scan", "Actual Startup Time": 0.015, "Actual Rows": 1, "Rows Removed by Filter": 0, "Rows Removed by Index Recheck": 0, "Actual Total Time": 0.016, "Alias": "t", "Total Cost": 0.49, "Plan Width": 21, "Relation Name": "title", "Startup Cost": 0.43, "Index Name": "title_pkey", "Actual Loops": 1, "Parent Relationship": "Inner", "Filter": "((production_year >= 1989) AND (production_year <= 2011))", "Scan Direction": "Forward"}], "Plan Rows": 1, "Join Filter": "(ml.movie_id = t.id)", "Node Type": "Nested Loop", "Actual Startup Time": 5.456, "Actual Total Time": 16.618, "Join Type": "Inner", "Total Cost": 479.19, "Plan Width": 118, "Startup Cost": 45.54, "Actual Loops": 1, "Parent Relationship": "Outer", "Rows Removed by Join Filter": 0, "Actual Rows": 1}], "Actual Rows": 1}, "Execution Time": 16.748, "Triggers": []}]
[{"Planning Time": 4.271, "Plan": {"Actual Total Time": 40.599, "Strategy": "Plain", "Plan Rows": 1, "Total Cost": 479.76, "Node Type": "Aggregate", "Actual Loops": 1, "Startup Cost": 479.75, "Plan Width": 118, "Actual Startup Time": 40.599, "Plans": [{"Plans": [{"Plans": [{"Plans": [{"Plans": [{"Plans": [{"Plans": [{"Plans": [{"Plan Rows": 1, "Node Type": "Seq Scan", "Actual Startup Time": 0.007, "Rows Removed by Filter": 16, "Actual Total Time": 0.013, "Alias": "lt", "Total Cost": 18.88, "Plan Width": 86, "Relation Name": "link_type", "Startup Cost": 0.0, "Actual Loops": 1, "Parent Relationship": "Outer", "Filter": "((link)::text ~~ '%version%'::text)", "Actual Rows": 2}, {"Lossy Heap Blocks": 0, "Plans": [{"Plan Rows": 1932, "Index Cond": "(link_type_id = lt.id)", "Node Type": "Bitmap Index Scan", "Actual Startup Time": 0.171, "Actual Total Time": 0.171, "Total Cost": 42.78, "Plan Width": 0, "Startup Cost": 0.0, "Index Name": "link_type_id_movie_link", "Actual Loops": 2, "Parent Relationship": "Outer", "Actual Rows": 1712}], "Plan Rows": 1932, "Node Type": "Bitmap Heap Scan", "Exact Heap Blocks": 118, "Actual Startup Time": 0.183, "Rows Removed by Index Recheck": 0, "Recheck Cond": "(link_type_id = lt.id)", "Actual Total Time": 0.605, "Alias": "ml", "Total Cost": 235.41, "Plan Width": 8, "Relation Name": "movie_link", "Startup Cost": 43.26, "Actual Loops": 2, "Parent Relationship": "Inner", "Actual Rows": 1712}], "Plan Rows": 44, "Node Type": "Nested Loop", "Actual Startup Time": 0.331, "Actual Total Time": 1.722, "Join Type": "Inner", "Total Cost": 273.61, "Plan Width": 86, "Startup Cost": 43.26, "Actual Loops": 1, "Parent Relationship": "Outer", "Actual Rows": 3425}, {"Plan Rows": 3, "Index Cond": "(movie_id = ml.movie_id)", "Node Type": "Index Scan", "Actual Startup Time": 0.002, "Actual Rows": 1, "Rows Removed by Filter": 2, "Rows Removed by Index Recheck": 0, "Actual Total Time": 0.003, "Alias": "mc", "Total Cost": 4.11, "Plan Width": 12, "Relation Name": "movie_companies", "Startup Cost": 0.43, "Index Name": "movie_id_movie_companies", "Actual Loops": 3425, "Parent Relationship": "Inner", "Filter": "(note IS NULL)", "Scan Direction": "Forward"}], "Plan Rows": 112, "Node Type": "Nested Loop", "Actual Startup Time": 0.336, "Actual Total Time": 13.722, "Join Type": "Inner", "Total Cost": 455.67, "Plan Width": 98, "Startup Cost": 43.69, "Actual Loops": 1, "Parent Relationship": "Outer", "Actual Rows": 4168}, {"Plan Rows": 1, "Index Cond": "(id = mc.company_type_id)", "Node Type": "Index Scan", "Actual Startup Time": 0.001, "Actual Rows": 1, "Rows Removed by Filter": 0, "Rows Removed by Index Recheck": 0, "Actual Total Time": 0.001, "Alias": "ct", "Total Cost": 0.17, "Plan Width": 4, "Relation Name": "company_type", "Startup Cost": 0.15, "Index Name": "company_type_pkey", "Actual Loops": 4168, "Parent Relationship": "Inner", "Filter": "((kind)::text = 'production companies'::text)", "Scan Direction": "Forward"}], "Plan Rows": 1, "Node Type": "Nested Loop", "Actual Startup Time": 0.342, "Actual Total Time": 20.18, "Join Type": "Inner", "Total Cost": 475.84, "Plan Width": 94, "Startup Cost": 43.84, "Actual Loops": 1, "Parent Relationship": "Outer", "Actual Rows": 3621}, {"Plan Rows": 1, "Index Cond": "(id = mc.company_id)", "Node Type": "Index Scan", "Actual Startup Time": 0.003, "Actual Rows": 0, "Rows Removed by Filter": 1, "Rows Removed by Index Recheck": 0, "Actual Total Time": 0.003, "Alias": "cn", "Total Cost": 0.46, "Plan Width": 23, "Relation Name": "company_name", "Startup Cost": 0.42, "Index Name": "company_name_pkey", "Actual Loops": 3621, "Parent Relationship": "Inner", "Filter": "(((country_code)::text <> '[mc]'::text) AND (((name)::text ~~ '%Productions%'::text) OR ((name)::text ~~ '%BLT%'::text)))", "Scan Direction": "Forward"}], "Plan Rows": 1, "Node Type": "Nested Loop", "Actual Startup Time": 0.35, "Actual Total Time": 30.913, "Join Type": "Inner", "Total Cost": 476.3, "Plan Width": 109, "Startup Cost": 44.26, "Actual Loops": 1, "Parent Relationship": "Outer", "Actual Rows": 497}, {"Plan Rows": 1, "Index Cond": "(id = mc.movie_id)", "Node Type": "Index Scan", "Actual Startup Time": 0.003, "Actual Rows": 0, "Rows Removed by Filter": 1, "Rows Removed by Index Recheck": 0, "Actual Total Time": 0.003, "Alias": "t", "Total Cost": 0.59, "Plan Width": 21, "Relation Name": "title", "Startup Cost": 0.43, "Index Name": "title_pkey", "Actual Loops": 497, "Parent Relationship": "Inner", "Filter": "((production_year >= 1974) AND (production_year <= 2002))", "Scan Direction": "Forward"}], "Plan Rows": 1, "Join Filter": "(ml.movie_id = t.id)", "Node Type": "Nested Loop", "Actual Startup Time": 2.73, "Actual Total Time": 32.742, "Join Type": "Inner", "Total Cost": 476.91, "Plan Width": 130, "Startup Cost": 44.69, "Actual Loops": 1, "Parent Relationship": "Outer", "Rows Removed by Join Filter": 0, "Actual Rows": 198}, {"Plan Rows": 45, "Index Cond": "(movie_id = mc.movie_id)", "Node Type": "Index Scan", "Actual Startup Time": 0.003, "Actual Rows": 12, "Rows Removed by Index Recheck": 0, "Actual Total Time": 0.006, "Alias": "mk", "Total Cost": 1.37, "Plan Width": 8, "Relation Name": "movie_keyword", "Startup Cost": 0.43, "Index Name": "movie_id_movie_keyword", "Actual Loops": 198, "Parent Relationship": "Inner", "Scan Direction": "Forward"}], "Plan Rows": 2, "Join Filter": "(ml.movie_id = mk.movie_id)", "Node Type": "Nested Loop", "Actual Startup Time": 2.74, "Actual Total Time": 34.453, "Join Type": "Inner", "Total Cost": 478.84, "Plan Width": 122, "Startup Cost": 45.12, "Actual Loops": 1, "Parent Relationship": "Outer", "Rows Removed by Join Filter": 0, "Actual Rows": 2382}, {"Plan Rows": 1, "Index Cond": "(id = mk.keyword_id)", "Node Type": "Index Scan", "Actual Startup Time": 0.002, "Actual Rows": 0, "Rows Removed by Filter": 1, "Rows Removed by Index Recheck": 0, "Actual Total Time": 0.002, "Alias": "k", "Total Cost": 0.44, "Plan Width": 4, "Relation Name": "keyword", "Startup Cost": 0.42, "Index Name": "keyword_pkey", "Actual Loops": 2382, "Parent Relationship": "Inner", "Filter": "((keyword)::text = 'epic'::text)", "Scan Direction": "Forward"}], "Plan Rows": 1, "Node Type": "Nested Loop", "Actual Startup Time": 27.112, "Actual Total Time": 40.58, "Join Type": "Inner", "Total Cost": 479.74, "Plan Width": 118, "Startup Cost": 45.54, "Actual Loops": 1, "Parent Relationship": "Outer", "Actual Rows": 2}], "Actual Rows": 1}, "Execution Time": 40.714, "Triggers": []}]
[{"Planning Time": 4.553, "Plan": {"Actual Total Time": 31.331, "Strategy": "Plain", "Plan Rows": 1, "Total Cost": 479.21, "Node Type": "Aggregate", "Actual Loops": 1, "Startup Cost": 479.2, "Plan Width": 118, "Actual Startup Time": 31.331, "Plans": [{"Plans": [{"Plans": [{"Plans": [{"Plans": [{"Plans": [{"Plans": [{"Plans": [{"Plan Rows": 1, "Node Type": "Seq Scan", "Actual Startup Time": 0.006, "Rows Removed by Filter": 16, "Actual Total Time": 0.012, "Alias": "lt", "Total Cost": 18.88, "Plan Width": 86, "Relation Name": "link_type", "Startup Cost": 0.0, "Actual Loops": 1, "Parent Relationship": "Outer", "Filter": "((link)::text ~~ '%follow%'::text)", "Actual Rows": 2}, {"Lossy Heap Blocks": 0, "Plans": [{"Plan Rows": 1932, "Index Cond": "(link_type_id = lt.id)", "Node Type": "Bitmap Index Scan", "Actual Startup Time": 0.126, "Actual Total Time": 0.126, "Total Cost": 42.78, "Plan Width": 0, "Startup Cost": 0.0, "Index Name": "link_type_id_movie_link", "Actual Loops": 2, "Parent Relationship": "Outer", "Actual Rows": 1158}], "Plan Rows": 1932, "Node Type": "Bitmap Heap Scan", "Exact Heap Blocks": 191, "Actual Startup Time": 0.142, "Rows Removed by Index Recheck": 0, "Recheck Cond": "(link_type_id = lt.id)", "Actual Total Time": 0.608, "Alias": "ml", "Total Cost": 235.41, "Plan Width": 8, "Relation Name": "movie_link", "Startup Cost": 43.26, "Actual Loops": 2, "Parent Relationship": "Inner", "Actual Rows": 1158}], "Plan Rows": 44, "Node Type": "Nested Loop", "Actual Startup Time": 0.151, "Actual Total Time": 1.581, "Join Type": "Inner", "Total Cost": 273.61, "Plan Width": 86, "Startup Cost": 43.26, "Actual Loops": 1, "Parent Relationship": "Outer", "Actual Rows": 2315}, {"Plan Rows": 3, "Index Cond": "(movie_id = ml.movie_id)", "Node Type": "Index Scan", "Actual Startup Time": 0.003, "Actual Rows": 2, "Rows Removed by Filter": 2, "Rows Removed by Index Recheck": 0, "Actual Total Time": 0.004, "Alias": "mc", "Total Cost": 4.11, "Plan Width": 12, "Relation Name": "movie_companies", "Startup Cost": 0.43, "Index Name": "movie_id_movie_companies", "Actual Loops": 2315, "Parent Relationship": "Inner", "Filter": "(note IS NULL)", "Scan Direction": "Forward"}], "Plan Rows": 112, "Node Type": "Nested Loop", "Actual Startup Time": 0.157, "Actual Total Time": 12.639, "Join Type": "Inner", "Total Cost": 455.67, "Plan Width": 98, "Startup Cost": 43.69, "Actual Loops": 1, "Parent Relationship": "Outer", "Actual Rows": 5069}, {"Plan Rows": 1, "Index Cond": "(id = mc.company_type_id)", "Node Type": "Index Scan", "Actual Startup Time": 0.001, "Actual Rows": 1, "Rows Removed by Filter": 0, "Rows Removed by Index Recheck": 0, "Actual Total Time": 0.001, "Alias": "ct", "Total Cost": 0.17, "Plan Width": 4, "Relation Name": "company_type", "Startup Cost": 0.15, "Index Name": "company_type_pkey", "Actual Loops": 5069, "Parent Relationship": "Inner", "Filter": "((kind)::text = 'production companies'::text)", "Scan Direction": "Forward"}], "Plan Rows": 1, "Node Type": "Nested Loop", "Actual Startup Time": 0.162, "Actual Total Time": 19.393, "Join Type": "Inner", "Total Cost": 475.84, "Plan Width": 94, "Startup Cost": 43.84, "Actual Loops": 1, "Parent Relationship": "Outer", "Actual Rows": 4393}, {"Plan Rows": 1, "Index Cond": "(id = mc.company_id)", "Node Type": "Index Scan", "Actual Startup Time": 0.002, "Actual Rows": 0, "Rows Removed by Filter": 1, "Rows Removed by Index Recheck": 0, "Actual Total Time": 0.002, "Alias": "cn", "Total Cost": 0.46, "Plan Width": 23, "Relation Name": "company_name", "Startup Cost": 0.42, "Index Name": "company_name_pkey", "Actual Loops": 4393, "Parent Relationship": "Inner", "Filter": "(((country_code)::text <> '[lc]'::text) AND (((name)::text ~~ '%London%'::text) OR ((name)::text ~~ '%LWT%'::text)))", "Scan Direction": "Forward"}], "Plan Rows": 1, "Node Type": "Nested Loop", "Actual Startup Time": 3.313, "Actual Total Time": 31.025, "Join Type": "Inner", "Total Cost": 476.3, "Plan Width": 109, "Startup Cost": 44.26, "Actual Loops": 1, "Parent Relationship": "Outer", "Actual Rows": 8}, {"Plan Rows": 45, "Index Cond": "(movie_id = mc.movie_id)", "Node Type": "Index Scan", "Actual Startup Time": 0.014, "Actual Rows": 3, "Rows Removed by Index Recheck": 0, "Actual Total Time": 0.014, "Alias": "mk", "Total Cost": 1.37, "Plan Width": 8, "Relation Name": "movie_keyword", "Startup Cost": 0.43, "Index Name": "movie_id_movie_keyword", "Actual Loops": 8, "Parent Relationship": "Inner", "Scan Direction": "Forward"}], "Plan Rows": 1, "Join Filter": "(ml.movie_id = mk.movie_id)", "Node Type": "Nested Loop", "Actual Startup Time": 3.336, "Actual Total Time": 31.166, "Join Type": "Inner", "Total Cost": 478.23, "Plan Width": 117, "Startup Cost": 44.69, "Actual Loops": 1, "Parent Relationship": "Outer", "Rows Removed by Join Filter": 0, "Actual Rows": 25}, {"Plan Rows": 1, "Index Cond": "(id = mk.keyword_id)", "Node Type": "Index Scan", "Actual Startup Time": 0.003, "Actual Rows": 0, "Rows Removed by Filter": 1, "Rows Removed by Index Recheck": 0, "Actual Total Time": 0.003, "Alias": "k", "Total Cost": 0.44, "Plan Width": 4, "Relation Name": "keyword", "Startup Cost": 0.42, "Index Name": "keyword_pkey", "Actual Loops": 25, "Parent Relationship": "Inner", "Filter": "((keyword)::text = 'character-name-in-title'::text)", "Scan Direction": "Forward"}], "Plan Rows": 1, "Node Type": "Nested Loop", "Actual Startup Time": 5.075, "Actual Total Time": 31.268, "Join Type": "Inner", "Total Cost": 478.68, "Plan Width": 113, "Startup Cost": 45.11, "Actual Loops": 1, "Parent Relationship": "Outer", "Actual Rows": 3}, {"Plan Rows": 1, "Index Cond": "(id = mk.movie_id)", "Node Type": "Index Scan", "Actual Startup Time": 0.011, "Actual Rows": 1, "Rows Removed by Filter": 0, "Rows Removed by Index Recheck": 0, "Actual Total Time": 0.011, "Alias": "t", "Total Cost": 0.49, "Plan Width": 21, "Relation Name": "title", "Startup Cost": 0.43, "Index Name": "title_pkey", "Actual Loops": 3, "Parent Relationship": "Inner", "Filter": "((production_year >= 1971) AND (production_year <= 2000))", "Scan Direction": "Forward"}], "Plan Rows": 1, "Join Filter": "(ml.movie_id = t.id)", "Node Type": "Nested Loop", "Actual Startup Time": 5.094, "Actual Total Time": 31.312, "Join Type": "Inner", "Total Cost": 479.19, "Plan Width": 118, "Startup Cost": 45.54, "Actual Loops": 1, "Parent Relationship": "Outer", "Rows Removed by Join Filter": 0, "Actual Rows": 3}], "Actual Rows": 1}, "Execution Time": 31.455, "Triggers": []}]
